# JRE version: Java(TM) SE Runtime Environment (8.0_92-b14) (build 1.8.0_92-b14)
# Java VM: Java HotSpot(TM) 64-Bit Server VM (25.92-b14 mixed mode windows-amd64 compressed oops)
Heap:
 PSYoungGen      total 565248K, used 20478K [0x000000076b580000, 0x0000000790280000, 0x00000007c0000000)
  eden space 559104K, 3% used [0x000000076b580000,0x000000076c97f940,0x000000078d780000)
  from space 6144K, 0% used [0x000000078db80000,0x000000078db80000,0x000000078e180000)
  to   space 22016K, 0% used [0x000000078ed00000,0x000000078ed00000,0x0000000790280000)
 ParOldGen       total 155648K, used 33405K [0x00000006c2000000, 0x00000006cb800000, 0x000000076b580000)
  object space 155648K, 21% used [0x00000006c2000000,0x00000006c409f7c8,0x00000006cb800000)
 Metaspace       used 64731K, capacity 66196K, committed 66344K, reserved 1107968K
  class space    used 7890K, capacity 8184K, committed 8232K, reserved 1048576K
GC Heap History (10 events):
Event: 2393.411 GC heap before
{Heap before GC invocations=22 (full 5):
 PSYoungGen      total 504320K, used 445225K [0x000000076b580000, 0x0000000790e00000, 0x00000007c0000000)
  eden space 482304K, 89% used [0x000000076b580000,0x00000007858e1a10,0x0000000788c80000)
  from space 22016K, 71% used [0x000000078a280000,0x000000078b1e8a00,0x000000078b800000)
  to   space 22528K, 0% used [0x0000000788c80000,0x0000000788c80000,0x000000078a280000)
 ParOldGen       total 155648K, used 30526K [0x00000006c2000000, 0x00000006cb800000, 0x000000076b580000)
  object space 155648K, 19% used [0x00000006c2000000,0x00000006c3dcf9d8,0x00000006cb800000)
 Metaspace       used 63662K, capacity 65016K, committed 65320K, reserved 1105920K
  class space    used 7824K, capacity 8112K, committed 8232K, reserved 1048576K
Event: 2393.422 GC heap after
Heap after GC invocations=22 (full 5):
 PSYoungGen      total 504832K, used 12277K [0x000000076b580000, 0x0000000790c00000, 0x00000007c0000000)
  eden space 482304K, 0% used [0x000000076b580000,0x000000076b580000,0x0000000788c80000)
  from space 22528K, 54% used [0x0000000788c80000,0x000000078987d540,0x000000078a280000)
  to   space 21504K, 0% used [0x000000078f700000,0x000000078f700000,0x0000000790c00000)
 ParOldGen       total 155648K, used 30542K [0x00000006c2000000, 0x00000006cb800000, 0x000000076b580000)
  object space 155648K, 19% used [0x00000006c2000000,0x00000006c3dd39d8,0x00000006cb800000)
 Metaspace       used 63662K, capacity 65016K, committed 65320K, reserved 1105920K
  class space    used 7824K, capacity 8112K, committed 8232K, reserved 1048576K
}
Event: 2393.422 GC heap before
{Heap before GC invocations=23 (full 6):
 PSYoungGen      total 504832K, used 12277K [0x000000076b580000, 0x0000000790c00000, 0x00000007c0000000)
  eden space 482304K, 0% used [0x000000076b580000,0x000000076b580000,0x0000000788c80000)
  from space 22528K, 54% used [0x0000000788c80000,0x000000078987d540,0x000000078a280000)
  to   space 21504K, 0% used [0x000000078f700000,0x000000078f700000,0x0000000790c00000)
 ParOldGen       total 155648K, used 30542K [0x00000006c2000000, 0x00000006cb800000, 0x000000076b580000)
  object space 155648K, 19% used [0x00000006c2000000,0x00000006c3dd39d8,0x00000006cb800000)
 Metaspace       used 63662K, capacity 65016K, committed 65320K, reserved 1105920K
  class space    used 7824K, capacity 8112K, committed 8232K, reserved 1048576K
Event: 2393.715 GC heap after
Heap after GC invocations=23 (full 6):
 PSYoungGen      total 504832K, used 0K [0x000000076b580000, 0x0000000790c00000, 0x00000007c0000000)
  eden space 482304K, 0% used [0x000000076b580000,0x000000076b580000,0x0000000788c80000)
  from space 22528K, 0% used [0x0000000788c80000,0x0000000788c80000,0x000000078a280000)
  to   space 21504K, 0% used [0x000000078f700000,0x000000078f700000,0x0000000790c00000)
 ParOldGen       total 155648K, used 37176K [0x00000006c2000000, 0x00000006cb800000, 0x000000076b580000)
  object space 155648K, 23% used [0x00000006c2000000,0x00000006c444e3e8,0x00000006cb800000)
 Metaspace       used 63633K, capacity 64968K, committed 65320K, reserved 1105920K
  class space    used 7820K, capacity 8103K, committed 8232K, reserved 1048576K
}
Event: 2397.559 GC heap before
{Heap before GC invocations=24 (full 6):
 PSYoungGen      total 504832K, used 482304K [0x000000076b580000, 0x0000000790c00000, 0x00000007c0000000)
  eden space 482304K, 100% used [0x000000076b580000,0x0000000788c80000,0x0000000788c80000)
  from space 22528K, 0% used [0x0000000788c80000,0x0000000788c80000,0x000000078a280000)
  to   space 21504K, 0% used [0x000000078f700000,0x000000078f700000,0x0000000790c00000)
 ParOldGen       total 155648K, used 37176K [0x00000006c2000000, 0x00000006cb800000, 0x000000076b580000)
  object space 155648K, 23% used [0x00000006c2000000,0x00000006c444e3e8,0x00000006cb800000)
 Metaspace       used 64684K, capacity 66202K, committed 66344K, reserved 1107968K
  class space    used 7889K, capacity 8184K, committed 8232K, reserved 1048576K
Event: 2397.572 GC heap after
Heap after GC invocations=24 (full 6):
 PSYoungGen      total 574976K, used 15785K [0x000000076b580000, 0x0000000790680000, 0x00000007c0000000)
  eden space 559104K, 0% used [0x000000076b580000,0x000000076b580000,0x000000078d780000)
  from space 15872K, 99% used [0x000000078f700000,0x000000079066a5d0,0x0000000790680000)
  to   space 22016K, 0% used [0x000000078db80000,0x000000078db80000,0x000000078f100000)
 ParOldGen       total 155648K, used 37184K [0x00000006c2000000, 0x00000006cb800000, 0x000000076b580000)
  object space 155648K, 23% used [0x00000006c2000000,0x00000006c44503e8,0x00000006cb800000)
 Metaspace       used 64684K, capacity 66202K, committed 66344K, reserved 1107968K
  class space    used 7889K, capacity 8184K, committed 8232K, reserved 1048576K
}
Event: 2696.125 GC heap before
{Heap before GC invocations=25 (full 6):
 PSYoungGen      total 574976K, used 108079K [0x000000076b580000, 0x0000000790680000, 0x00000007c0000000)
  eden space 559104K, 16% used [0x000000076b580000,0x0000000770fa1798,0x000000078d780000)
  from space 15872K, 99% used [0x000000078f700000,0x000000079066a5d0,0x0000000790680000)
  to   space 22016K, 0% used [0x000000078db80000,0x000000078db80000,0x000000078f100000)
 ParOldGen       total 155648K, used 37184K [0x00000006c2000000, 0x00000006cb800000, 0x000000076b580000)
  object space 155648K, 23% used [0x00000006c2000000,0x00000006c44503e8,0x00000006cb800000)
 Metaspace       used 64711K, capacity 66208K, committed 66344K, reserved 1107968K
  class space    used 7890K, capacity 8186K, committed 8232K, reserved 1048576K
Event: 2696.133 GC heap after
Heap after GC invocations=25 (full 6):
 PSYoungGen      total 565248K, used 5888K [0x000000076b580000, 0x0000000790280000, 0x00000007c0000000)
  eden space 559104K, 0% used [0x000000076b580000,0x000000076b580000,0x000000078d780000)
  from space 6144K, 95% used [0x000000078db80000,0x000000078e1401b8,0x000000078e180000)
  to   space 22016K, 0% used [0x000000078ed00000,0x000000078ed00000,0x0000000790280000)
 ParOldGen       total 155648K, used 37192K [0x00000006c2000000, 0x00000006cb800000, 0x000000076b580000)
  object space 155648K, 23% used [0x00000006c2000000,0x00000006c44523e8,0x00000006cb800000)
 Metaspace       used 64711K, capacity 66208K, committed 66344K, reserved 1107968K
  class space    used 7890K, capacity 8186K, committed 8232K, reserved 1048576K
}
Event: 2696.133 GC heap before
{Heap before GC invocations=26 (full 7):
 PSYoungGen      total 565248K, used 5888K [0x000000076b580000, 0x0000000790280000, 0x00000007c0000000)
  eden space 559104K, 0% used [0x000000076b580000,0x000000076b580000,0x000000078d780000)
  from space 6144K, 95% used [0x000000078db80000,0x000000078e1401b8,0x000000078e180000)
  to   space 22016K, 0% used [0x000000078ed00000,0x000000078ed00000,0x0000000790280000)
 ParOldGen       total 155648K, used 37192K [0x00000006c2000000, 0x00000006cb800000, 0x000000076b580000)
  object space 155648K, 23% used [0x00000006c2000000,0x00000006c44523e8,0x00000006cb800000)
 Metaspace       used 64711K, capacity 66208K, committed 66344K, reserved 1107968K
  class space    used 7890K, capacity 8186K, committed 8232K, reserved 1048576K
Event: 2696.280 GC heap after
Heap after GC invocations=26 (full 7):
 PSYoungGen      total 565248K, used 0K [0x000000076b580000, 0x0000000790280000, 0x00000007c0000000)
  eden space 559104K, 0% used [0x000000076b580000,0x000000076b580000,0x000000078d780000)
  from space 6144K, 0% used [0x000000078db80000,0x000000078db80000,0x000000078e180000)
  to   space 22016K, 0% used [0x000000078ed00000,0x000000078ed00000,0x0000000790280000)
 ParOldGen       total 155648K, used 33405K [0x00000006c2000000, 0x00000006cb800000, 0x000000076b580000)
  object space 155648K, 21% used [0x00000006c2000000,0x00000006c409f7c8,0x00000006cb800000)
 Metaspace       used 64682K, capacity 66160K, committed 66344K, reserved 1107968K
  class space    used 7885K, capacity 8177K, committed 8232K, reserved 1048576K
}

